# JRE version: Java(TM) SE Runtime Environment (8.0_151-b12) (build 1.8.0_151-b12)
# Java VM: Java HotSpot(TM) 64-Bit Server VM (25.151-b12 mixed mode windows-amd64 compressed oops)
Heap:
 PSYoungGen      total 75264K, used 34911K [0x000000076c800000, 0x0000000775b00000, 0x00000007c0000000)
  eden space 64512K, 42% used [0x000000076c800000,0x000000076e286888,0x0000000770700000)
  from space 10752K, 72% used [0x0000000770700000,0x0000000770e91420,0x0000000771180000)
  to   space 10752K, 0% used [0x0000000775080000,0x0000000775080000,0x0000000775b00000)
 ParOldGen       total 172032K, used 32K [0x00000006c5800000, 0x00000006d0000000, 0x000000076c800000)
  object space 172032K, 0% used [0x00000006c5800000,0x00000006c5808000,0x00000006d0000000)
 Metaspace       used 19326K, capacity 20836K, committed 21120K, reserved 1067008K
  class space    used 2510K, capacity 2830K, committed 2944K, reserved 1048576K
GC Heap History (6 events):
Event: 1.552 GC heap before
{Heap before GC invocations=1 (full 0):
 PSYoungGen      total 75264K, used 64512K [0x000000076c800000, 0x0000000771c00000, 0x00000007c0000000)
  eden space 64512K, 100% used [0x000000076c800000,0x0000000770700000,0x0000000770700000)
  from space 10752K, 0% used [0x0000000771180000,0x0000000771180000,0x0000000771c00000)
  to   space 10752K, 0% used [0x0000000770700000,0x0000000770700000,0x0000000771180000)
 ParOldGen       total 172032K, used 0K [0x00000006c5800000, 0x00000006d0000000, 0x000000076c800000)
  object space 172032K, 0% used [0x00000006c5800000,0x00000006c5800000,0x00000006d0000000)
 Metaspace       used 10207K, capacity 11100K, committed 11264K, reserved 1058816K
  class space    used 1283K, capacity 1476K, committed 1536K, reserved 1048576K
Event: 1.568 GC heap after
Heap after GC invocations=1 (full 0):
 PSYoungGen      total 75264K, used 5697K [0x000000076c800000, 0x0000000771c00000, 0x00000007c0000000)
  eden space 64512K, 0% used [0x000000076c800000,0x000000076c800000,0x0000000770700000)
  from space 10752K, 52% used [0x0000000770700000,0x0000000770c906f8,0x0000000771180000)
  to   space 10752K, 0% used [0x0000000771180000,0x0000000771180000,0x0000000771c00000)
 ParOldGen       total 172032K, used 16K [0x00000006c5800000, 0x00000006d0000000, 0x000000076c800000)
  object space 172032K, 0% used [0x00000006c5800000,0x00000006c5804000,0x00000006d0000000)
 Metaspace       used 10207K, capacity 11100K, committed 11264K, reserved 1058816K
  class space    used 1283K, capacity 1476K, committed 1536K, reserved 1048576K
}
Event: 2.403 GC heap before
{Heap before GC invocations=2 (full 0):
 PSYoungGen      total 75264K, used 70209K [0x000000076c800000, 0x0000000771c00000, 0x00000007c0000000)
  eden space 64512K, 100% used [0x000000076c800000,0x0000000770700000,0x0000000770700000)
  from space 10752K, 52% used [0x0000000770700000,0x0000000770c906f8,0x0000000771180000)
  to   space 10752K, 0% used [0x0000000771180000,0x0000000771180000,0x0000000771c00000)
 ParOldGen       total 172032K, used 16K [0x00000006c5800000, 0x00000006d0000000, 0x000000076c800000)
  object space 172032K, 0% used [0x00000006c5800000,0x00000006c5804000,0x00000006d0000000)
 Metaspace       used 14213K, capacity 15294K, committed 15360K, reserved 1062912K
  class space    used 1783K, capacity 2007K, committed 2048K, reserved 1048576K
Event: 2.417 GC heap after
Heap after GC invocations=2 (full 0):
 PSYoungGen      total 75264K, used 6508K [0x000000076c800000, 0x0000000771c00000, 0x00000007c0000000)
  eden space 64512K, 0% used [0x000000076c800000,0x000000076c800000,0x0000000770700000)
  from space 10752K, 60% used [0x0000000771180000,0x00000007717db2d0,0x0000000771c00000)
  to   space 10752K, 0% used [0x0000000770700000,0x0000000770700000,0x0000000771180000)
 ParOldGen       total 172032K, used 24K [0x00000006c5800000, 0x00000006d0000000, 0x000000076c800000)
  object space 172032K, 0% used [0x00000006c5800000,0x00000006c5806000,0x00000006d0000000)
 Metaspace       used 14213K, capacity 15294K, committed 15360K, reserved 1062912K
  class space    used 1783K, capacity 2007K, committed 2048K, reserved 1048576K
}
Event: 3.260 GC heap before
{Heap before GC invocations=3 (full 0):
 PSYoungGen      total 75264K, used 71020K [0x000000076c800000, 0x0000000771c00000, 0x00000007c0000000)
  eden space 64512K, 100% used [0x000000076c800000,0x0000000770700000,0x0000000770700000)
  from space 10752K, 60% used [0x0000000771180000,0x00000007717db2d0,0x0000000771c00000)
  to   space 10752K, 0% used [0x0000000770700000,0x0000000770700000,0x0000000771180000)
 ParOldGen       total 172032K, used 24K [0x00000006c5800000, 0x00000006d0000000, 0x000000076c800000)
  object space 172032K, 0% used [0x00000006c5800000,0x00000006c5806000,0x00000006d0000000)
 Metaspace       used 17487K, capacity 18960K, committed 19072K, reserved 1064960K
  class space    used 2296K, capacity 2590K, committed 2688K, reserved 1048576K
Event: 3.268 GC heap after
Heap after GC invocations=3 (full 0):
 PSYoungGen      total 75264K, used 7749K [0x000000076c800000, 0x0000000775b00000, 0x00000007c0000000)
  eden space 64512K, 0% used [0x000000076c800000,0x000000076c800000,0x0000000770700000)
  from space 10752K, 72% used [0x0000000770700000,0x0000000770e91420,0x0000000771180000)
  to   space 10752K, 0% used [0x0000000775080000,0x0000000775080000,0x0000000775b00000)
 ParOldGen       total 172032K, used 32K [0x00000006c5800000, 0x00000006d0000000, 0x000000076c800000)
  object space 172032K, 0% used [0x00000006c5800000,0x00000006c5808000,0x00000006d0000000)
 Metaspace       used 17487K, capacity 18960K, committed 19072K, reserved 1064960K
  class space    used 2296K, capacity 2590K, committed 2688K, reserved 1048576K
}

